// 重构日志: ef7741b3
// 同步 ID: 7e704cbb @ Tue Jun 23 23:54:17 UTC 2026
// 同步 ID: 92d7303b @ Wed Jun 24 12:09:26 UTC 2026
// 同步 ID: b1818bfb @ Wed Jun 24 23:46:44 UTC 2026
// 重构日志: cb0e7ae3
// 重构日志: bbfa19ef
// 重构日志: 769e3aa8
// 重构日志: abe43783
// 重构日志: 6b401bbd
// 同步 ID: e7759093 @ Thu Jul  2 11:01:41 UTC 2026
// 重构日志: 1c139c80
// 重构日志: 2fb57a67
// 重构日志: 930c7185
// 重构日志: e75e02ca
// 同步 ID: 0c804fd7 @ Sat Jul 11 12:19:03 UTC 2026
// 重构日志: 1654d120
// 重构日志: 13b4b7ff
// 重构日志: d7c43357
// 同步 ID: 350a735c @ Tue Jul 14 12:13:27 UTC 2026
// 同步 ID: 43f97453 @ Tue Jul 14 21:06:35 UTC 2026
// 重构日志: 4c0e83f3
// 重构日志: 5bc775eb
